[2023-08-31T06:08:37.629+0000] {logging_mixin.py:150} INFO - Changing /opt/***/logs/dag_id=dags_gbfs_collection/run_id=manual__2023-08-31T06:08:35.349997+00:00/task_id=baywheels_system_info permission to 509
[2023-08-31T06:08:37.630+0000] {logging_mixin.py:150} INFO - Failed to change /opt/***/logs/dag_id=dags_gbfs_collection/run_id=manual__2023-08-31T06:08:35.349997+00:00/task_id=baywheels_system_info permission to 509: [Errno 1] Operation not permitted: '/opt/***/logs/dag_id=dags_gbfs_collection/run_id=manual__2023-08-31T06:08:35.349997+00:00/task_id=baywheels_system_info'
[2023-08-31T06:08:37.677+0000] {logging_mixin.py:150} INFO - Changing /opt/***/logs/dag_id=dags_gbfs_collection/run_id=manual__2023-08-31T06:08:35.349997+00:00/task_id=baywheels_system_info permission to 509
[2023-08-31T06:08:37.679+0000] {logging_mixin.py:150} INFO - Failed to change /opt/***/logs/dag_id=dags_gbfs_collection/run_id=manual__2023-08-31T06:08:35.349997+00:00/task_id=baywheels_system_info permission to 509: [Errno 1] Operation not permitted: '/opt/***/logs/dag_id=dags_gbfs_collection/run_id=manual__2023-08-31T06:08:35.349997+00:00/task_id=baywheels_system_info'
[2023-08-31T06:08:37.852+0000] {taskinstance.py:1103} INFO - Dependencies all met for dep_context=non-requeueable deps ti=<TaskInstance: dags_gbfs_collection.baywheels_system_info manual__2023-08-31T06:08:35.349997+00:00 [queued]>
[2023-08-31T06:08:37.862+0000] {taskinstance.py:1103} INFO - Dependencies all met for dep_context=requeueable deps ti=<TaskInstance: dags_gbfs_collection.baywheels_system_info manual__2023-08-31T06:08:35.349997+00:00 [queued]>
[2023-08-31T06:08:37.863+0000] {taskinstance.py:1308} INFO - Starting attempt 1 of 1
[2023-08-31T06:08:37.896+0000] {taskinstance.py:1327} INFO - Executing <Task(SimpleHttpOperator): baywheels_system_info> on 2023-08-31 06:08:35.349997+00:00
[2023-08-31T06:08:37.901+0000] {standard_task_runner.py:57} INFO - Started process 3941 to run task
[2023-08-31T06:08:37.905+0000] {standard_task_runner.py:84} INFO - Running: ['***', 'tasks', 'run', 'dags_gbfs_collection', 'baywheels_system_info', 'manual__2023-08-31T06:08:35.349997+00:00', '--job-id', '213', '--raw', '--subdir', 'DAGS_FOLDER/dags_gbfs_collection.py', '--cfg-path', '/tmp/tmpwu8_p0_q']
[2023-08-31T06:08:37.907+0000] {standard_task_runner.py:85} INFO - Job 213: Subtask baywheels_system_info
[2023-08-31T06:08:37.984+0000] {logging_mixin.py:150} INFO - Changing /opt/***/logs/dag_id=dags_gbfs_collection/run_id=manual__2023-08-31T06:08:35.349997+00:00/task_id=baywheels_system_info permission to 509
[2023-08-31T06:08:37.985+0000] {logging_mixin.py:150} INFO - Failed to change /opt/***/logs/dag_id=dags_gbfs_collection/run_id=manual__2023-08-31T06:08:35.349997+00:00/task_id=baywheels_system_info permission to 509: [Errno 1] Operation not permitted: '/opt/***/logs/dag_id=dags_gbfs_collection/run_id=manual__2023-08-31T06:08:35.349997+00:00/task_id=baywheels_system_info'
[2023-08-31T06:08:37.988+0000] {task_command.py:410} INFO - Running <TaskInstance: dags_gbfs_collection.baywheels_system_info manual__2023-08-31T06:08:35.349997+00:00 [running]> on host 07fcf706bef2
[2023-08-31T06:08:38.130+0000] {taskinstance.py:1547} INFO - Exporting env vars: AIRFLOW_CTX_DAG_OWNER='***' AIRFLOW_CTX_DAG_ID='dags_gbfs_collection' AIRFLOW_CTX_TASK_ID='baywheels_system_info' AIRFLOW_CTX_EXECUTION_DATE='2023-08-31T06:08:35.349997+00:00' AIRFLOW_CTX_TRY_NUMBER='1' AIRFLOW_CTX_DAG_RUN_ID='manual__2023-08-31T06:08:35.349997+00:00'
[2023-08-31T06:08:38.132+0000] {http.py:123} INFO - Calling HTTP method
[2023-08-31T06:08:38.139+0000] {base.py:73} INFO - Using connection ID 'gbfs_conn_id' for task execution.
[2023-08-31T06:08:38.569+0000] {http.py:181} ERROR - HTTP error: Forbidden
[2023-08-31T06:08:38.571+0000] {http.py:182} ERROR - <?xml version="1.0" encoding="UTF-8"?>
<Error><Code>AccessDenied</Code><Message>Access Denied</Message><RequestId>F0KPJNXEE1V0N5YW</RequestId><HostId>k5hSpI2PSSqhfzuMfIsHLSMz7/ZVN6GsmDQgEfseg2om8ZlmRljja27JS+cSj+T2JXXPIm2mFp4=</HostId></Error>
[2023-08-31T06:08:38.584+0000] {taskinstance.py:1824} ERROR - Task failed with exception
Traceback (most recent call last):
  File "/home/airflow/.local/lib/python3.7/site-packages/airflow/providers/http/hooks/http.py", line 179, in check_response
    response.raise_for_status()
  File "/home/airflow/.local/lib/python3.7/site-packages/requests/models.py", line 1021, in raise_for_status
    raise HTTPError(http_error_msg, response=self)
requests.exceptions.HTTPError: 403 Client Error: Forbidden for url: https://gbfs.baywheels.com:443/gbfs/2.3/system_information.json

During handling of the above exception, another exception occurred:

Traceback (most recent call last):
  File "/home/airflow/.local/lib/python3.7/site-packages/airflow/providers/http/operators/http.py", line 125, in execute
    response = http.run(self.endpoint, self.data, self.headers, self.extra_options)
  File "/home/airflow/.local/lib/python3.7/site-packages/airflow/providers/http/hooks/http.py", line 169, in run
    return self.run_and_check(session, prepped_request, extra_options)
  File "/home/airflow/.local/lib/python3.7/site-packages/airflow/providers/http/hooks/http.py", line 222, in run_and_check
    self.check_response(response)
  File "/home/airflow/.local/lib/python3.7/site-packages/airflow/providers/http/hooks/http.py", line 183, in check_response
    raise AirflowException(str(response.status_code) + ":" + response.reason)
airflow.exceptions.AirflowException: 403:Forbidden
[2023-08-31T06:08:38.590+0000] {taskinstance.py:1350} INFO - Marking task as FAILED. dag_id=dags_gbfs_collection, task_id=baywheels_system_info, execution_date=20230831T060835, start_date=20230831T060837, end_date=20230831T060838
[2023-08-31T06:08:38.621+0000] {standard_task_runner.py:109} ERROR - Failed to execute job 213 for task baywheels_system_info (403:Forbidden; 3941)
[2023-08-31T06:08:38.638+0000] {local_task_job_runner.py:225} INFO - Task exited with return code 1
[2023-08-31T06:08:38.664+0000] {taskinstance.py:2653} INFO - 0 downstream tasks scheduled from follow-on schedule check
